d:\users\micha\desktop\gra\gra\_bin\debug\raylib.pdb
d:\users\micha\desktop\gra\gra\_bin\debug\raylib.idb
d:\users\micha\desktop\gra\gra\_build\obj\x64\debug\raylib\utils.obj
d:\users\micha\desktop\gra\gra\_build\obj\x64\debug\raylib\rtextures.obj
d:\users\micha\desktop\gra\gra\_build\obj\x64\debug\raylib\rtext.obj
d:\users\micha\desktop\gra\gra\_build\obj\x64\debug\raylib\rshapes.obj
d:\users\micha\desktop\gra\gra\_build\obj\x64\debug\raylib\rmodels.obj
d:\users\micha\desktop\gra\gra\_build\obj\x64\debug\raylib\rglfw.obj
d:\users\micha\desktop\gra\gra\_build\obj\x64\debug\raylib\rcore.obj
d:\users\micha\desktop\gra\gra\_build\obj\x64\debug\raylib\raudio.obj
d:\users\micha\desktop\gra\gra\_bin\debug\raylib.lib
d:\users\micha\desktop\gra\gra\_build\obj\x64\debug\raylib\raudio.nativecodeanalysis.xml
d:\users\micha\desktop\gra\gra\_build\obj\x64\debug\raylib\rcore.nativecodeanalysis.xml
d:\users\micha\desktop\gra\gra\_build\obj\x64\debug\raylib\rglfw.nativecodeanalysis.xml
d:\users\micha\desktop\gra\gra\_build\obj\x64\debug\raylib\rmodels.nativecodeanalysis.xml
d:\users\micha\desktop\gra\gra\_build\obj\x64\debug\raylib\rshapes.nativecodeanalysis.xml
d:\users\micha\desktop\gra\gra\_build\obj\x64\debug\raylib\rtext.nativecodeanalysis.xml
d:\users\micha\desktop\gra\gra\_build\obj\x64\debug\raylib\rtextures.nativecodeanalysis.xml
d:\users\micha\desktop\gra\gra\_build\obj\x64\debug\raylib\utils.nativecodeanalysis.xml
d:\users\micha\desktop\gra\gra\_build\obj\x64\debug\raylib\vc.nativecodeanalysis.all.xml
d:\users\micha\desktop\gra\gra\_build\obj\x64\debug\raylib\raylib.tlog\cl.command.1.tlog
d:\users\micha\desktop\gra\gra\_build\obj\x64\debug\raylib\raylib.tlog\cl.items.tlog
d:\users\micha\desktop\gra\gra\_build\obj\x64\debug\raylib\raylib.tlog\cl.read.1.tlog
d:\users\micha\desktop\gra\gra\_build\obj\x64\debug\raylib\raylib.tlog\cl.write.1.tlog
d:\users\micha\desktop\gra\gra\_build\obj\x64\debug\raylib\raylib.tlog\lib-link.read.1.tlog
d:\users\micha\desktop\gra\gra\_build\obj\x64\debug\raylib\raylib.tlog\lib-link.write.1.tlog
d:\users\micha\desktop\gra\gra\_build\obj\x64\debug\raylib\raylib.tlog\lib.command.1.tlog
