d:\users\micha\desktop\gra\gra\_build\obj\x64\debug\gra\vc143.pdb
d:\users\micha\desktop\gra\gra\_build\obj\x64\debug\gra\vc143.idb
d:\users\micha\desktop\gra\gra\_build\obj\x64\debug\gra\pocisk.obj
d:\users\micha\desktop\gra\gra\_build\obj\x64\debug\gra\jedzenie.obj
d:\users\micha\desktop\gra\gra\_build\obj\x64\debug\gra\bloczki.obj
d:\users\micha\desktop\gra\gra\_build\obj\x64\debug\gra\raylib_game.obj
d:\users\micha\desktop\gra\gra\_build\obj\x64\debug\gra\camera.obj
d:\users\micha\desktop\gra\gra\_build\obj\x64\debug\gra\gracz.obj
d:\users\micha\desktop\gra\gra\_bin\debug\gra.exe
d:\users\micha\desktop\gra\gra\_build\obj\x64\debug\gra\gra.ilk
d:\users\micha\desktop\gra\gra\_bin\debug\gra.pdb
d:\users\micha\desktop\gra\gra\_build\obj\x64\debug\gra\gracze.obj
d:\users\micha\desktop\gra\gra\_build\obj\x64\debug\gra\raylib_game.nativecodeanalysis.xml
d:\users\micha\desktop\gra\gra\_build\obj\x64\debug\gra\vc.nativecodeanalysis.all.xml
d:\users\micha\desktop\gra\gra\_build\obj\x64\debug\gra\gra.tlog\cl.command.1.tlog
d:\users\micha\desktop\gra\gra\_build\obj\x64\debug\gra\gra.tlog\cl.items.tlog
d:\users\micha\desktop\gra\gra\_build\obj\x64\debug\gra\gra.tlog\cl.read.1.tlog
d:\users\micha\desktop\gra\gra\_build\obj\x64\debug\gra\gra.tlog\cl.write.1.tlog
d:\users\micha\desktop\gra\gra\_build\obj\x64\debug\gra\gra.tlog\link.command.1.tlog
d:\users\micha\desktop\gra\gra\_build\obj\x64\debug\gra\gra.tlog\link.read.1.tlog
d:\users\micha\desktop\gra\gra\_build\obj\x64\debug\gra\gra.tlog\link.write.1.tlog
